{
  "RSpec": {
    "coverage": {
      "/home/oem/Desktop/railsapp/sports/config/environment.rb": [
        null,
        null,
        null,
        1,
        null,
        null,
        1
      ],
      "/home/oem/Desktop/railsapp/sports/config/application.rb": [
        null,
        null,
        1,
        null,
        1,
        null,
        null,
        null,
        1,
        null,
        1,
        1,
        null,
        1,
        null,
        null,
        null,
        null,
        null,
        null
      ],
      "/home/oem/Desktop/railsapp/sports/config/boot.rb": [
        null,
        null,
        1,
        null,
        1
      ],
      "/home/oem/Desktop/railsapp/sports/config/environments/test.rb": [
        null,
        null,
        1,
        null,
        null,
        null,
        null,
        null,
        null,
        1,
        null,
        null,
        null,
        null,
        1,
        null,
        null,
        1,
        1,
        null,
        null,
        null,
        null,
        1,
        1,
        null,
        null,
        1,
        null,
        null,
        1,
        1,
        null,
        null,
        null,
        null,
        1,
        null,
        null,
        1,
        null,
        null,
        null,
        null
      ],
      "/home/oem/Desktop/railsapp/sports/config/initializers/application_controller_renderer.rb": [
        null,
        null,
        null,
        null,
        null,
        null,
        null,
        null,
        null
      ],
      "/home/oem/Desktop/railsapp/sports/config/initializers/assets.rb": [
        null,
        null,
        null,
        null,
        null,
        1,
        null,
        null,
        null,
        null,
        1,
        null,
        null,
        null,
        null,
        null
      ],
      "/home/oem/Desktop/railsapp/sports/config/initializers/backtrace_silencers.rb": [
        null,
        null,
        null,
        null,
        null,
        null,
        null,
        null
      ],
      "/home/oem/Desktop/railsapp/sports/config/initializers/cookies_serializer.rb": [
        null,
        null,
        null,
        null,
        null,
        null,
        1
      ],
      "/home/oem/Desktop/railsapp/sports/config/initializers/filter_parameter_logging.rb": [
        null,
        null,
        null,
        null,
        null,
        1
      ],
      "/home/oem/Desktop/railsapp/sports/config/initializers/inflections.rb": [
        null,
        null,
        null,
        null,
        null,
        null,
        null,
        null,
        null,
        null,
        null,
        null,
        null,
        null,
        null,
        null,
        null
      ],
      "/home/oem/Desktop/railsapp/sports/config/initializers/mime_types.rb": [
        null,
        null,
        null,
        null,
        null
      ],
      "/home/oem/Desktop/railsapp/sports/config/initializers/wrap_parameters.rb": [
        null,
        null,
        null,
        null,
        null,
        null,
        null,
        null,
        1,
        2,
        null,
        null,
        null,
        null,
        null,
        null
      ],
      "/home/oem/Desktop/railsapp/sports/spec/factories/court.rb": [
        1,
        1,
        1,
        1,
        null,
        null
      ],
      "/home/oem/Desktop/railsapp/sports/spec/factories/team.rb": [

      ],
      "/home/oem/Desktop/railsapp/sports/spec/factories/user.rb": [
        1,
        1,
        1,
        1,
        1,
        1,
        null,
        null,
        1,
        1,
        1,
        1,
        1,
        null,
        null,
        1,
        1,
        1,
        1,
        1,
        null,
        null
      ],
      "/home/oem/Desktop/railsapp/sports/app/models/user.rb": [
        null,
        1,
        1,
        null,
        null,
        1,
        1,
        1,
        null,
        null,
        null,
        1,
        1,
        null,
        1,
        53,
        null,
        null
      ],
      "/home/oem/Desktop/railsapp/sports/app/models/message.rb": [
        null,
        null,
        null,
        1,
        1,
        1,
        null
      ],
      "/home/oem/Desktop/railsapp/sports/config/routes.rb": [
        null,
        null,
        1,
        null,
        null
      ],
      "/home/oem/Desktop/railsapp/sports/app/helpers/application_helper.rb": [
        null,
        null,
        1,
        null
      ],
      "/home/oem/Desktop/railsapp/sports/app/models/court.rb": [
        null,
        null,
        null,
        1,
        1,
        1,
        1,
        1,
        null,
        1,
        8,
        null,
        null,
        null,
        null,
        null,
        null,
        1,
        1,
        2,
        1,
        null,
        null,
        null,
        null,
        1,
        3,
        null,
        null,
        1,
        7,
        null,
        null,
        1,
        null,
        1,
        12,
        null,
        null
      ],
      "/home/oem/Desktop/railsapp/sports/spec/models/login_helper_spec.rb": [
        null,
        null,
        1,
        null,
        1,
        1,
        1,
        null,
        null,
        null,
        null,
        null,
        null,
        null,
        1,
        1,
        2,
        null,
        null,
        null,
        1,
        2,
        null,
        null,
        null,
        1,
        2,
        null,
        null,
        null,
        1,
        1,
        2,
        null,
        null,
        null,
        1,
        1,
        1,
        null,
        null,
        1,
        1,
        1,
        1,
        null,
        null,
        1,
        2,
        null,
        null,
        null,
        1,
        1,
        1,
        null,
        null,
        null
      ],
      "/home/oem/Desktop/railsapp/sports/app/models/login_helper.rb": [
        null,
        null,
        1,
        null,
        null,
        1,
        1,
        7,
        null,
        5,
        null,
        5,
        4,
        1,
        null,
        3,
        null,
        null,
        1,
        1,
        null,
        null,
        1,
        4,
        null,
        null,
        1,
        2,
        null,
        1,
        null,
        null
      ],
      "/home/oem/Desktop/railsapp/sports/spec/models/reservation_spec.rb": [
        null,
        null,
        1,
        1,
        1,
        1,
        null,
        1,
        null,
        null,
        null,
        null,
        1,
        null,
        null,
        null,
        1,
        1,
        1,
        null,
        1,
        null,
        null,
        null,
        null,
        1,
        null,
        null,
        null,
        1,
        1,
        1,
        null,
        1,
        null,
        null,
        null,
        1,
        null,
        null,
        null,
        null,
        1,
        null,
        null,
        1,
        1,
        null,
        1,
        null,
        null,
        null,
        1,
        null,
        null,
        null,
        null,
        1,
        null,
        null,
        1,
        1,
        null,
        1,
        null,
        null,
        null,
        1,
        null,
        null,
        null,
        null,
        1,
        null,
        null,
        1,
        1,
        null,
        1,
        null,
        null,
        null,
        1,
        null,
        null,
        null,
        null,
        1,
        null,
        null,
        1,
        1,
        null,
        1,
        1,
        null,
        1,
        null,
        null,
        null
      ],
      "/home/oem/Desktop/railsapp/sports/app/models/reservation.rb": [
        null,
        null,
        null,
        1,
        1,
        null,
        1,
        26,
        null,
        null,
        1,
        16,
        null,
        null,
        1,
        null,
        6,
        null,
        null
      ],
      "/home/oem/Desktop/railsapp/sports/spec/models/team_spec.rb": [
        null,
        null,
        1,
        1,
        17,
        null,
        null,
        null,
        null,
        null,
        17,
        17,
        null,
        null,
        null,
        null,
        null,
        17,
        null,
        null,
        null,
        null,
        null,
        1,
        1,
        1,
        null,
        1,
        1,
        null,
        1,
        1,
        null,
        null,
        null,
        1,
        1,
        1,
        null,
        null,
        null,
        null,
        1,
        null,
        null,
        1,
        1,
        null,
        null,
        null,
        null,
        1,
        null,
        null,
        1,
        1,
        null,
        null,
        null,
        null,
        null,
        1,
        1,
        null,
        null,
        null,
        null,
        1,
        null,
        null,
        null,
        1,
        1,
        1,
        null,
        2,
        null,
        null,
        1,
        1,
        1,
        null,
        null,
        1,
        2,
        null,
        null,
        null,
        null,
        1,
        null,
        1,
        1,
        2,
        null,
        null,
        null,
        1,
        1,
        2,
        null,
        null,
        null,
        1,
        1,
        1,
        6,
        null,
        null,
        null,
        null,
        null,
        6,
        null,
        null,
        null,
        null,
        1,
        2,
        null,
        null,
        null,
        1,
        1,
        1,
        null,
        null,
        null,
        1,
        null,
        1,
        1,
        null,
        1,
        1,
        1,
        null,
        null,
        1,
        1,
        null,
        2,
        null,
        null,
        null,
        1,
        1,
        1,
        1,
        null,
        null,
        null
      ],
      "/home/oem/Desktop/railsapp/sports/app/models/team.rb": [
        null,
        null,
        null,
        1,
        1,
        1,
        1,
        1,
        null,
        1,
        3,
        1,
        null,
        2,
        1,
        null,
        null,
        1,
        13,
        11,
        10,
        9,
        null,
        null,
        1,
        3,
        3,
        2,
        null,
        null,
        1,
        3,
        null,
        null,
        1,
        3,
        null,
        null,
        1,
        26,
        null,
        null,
        1,
        null,
        1,
        20,
        null,
        null,
        1,
        13,
        12,
        12,
        null,
        null
      ],
      "/home/oem/Desktop/railsapp/sports/spec/models/user_spec.rb": [
        null,
        null,
        1,
        null,
        1,
        1,
        1,
        1,
        null,
        1,
        null,
        1,
        null,
        null,
        1,
        1,
        null,
        1,
        null,
        null,
        1,
        1,
        null,
        1,
        null,
        null,
        1,
        1,
        null,
        1,
        null,
        null,
        1,
        1,
        null,
        null,
        null,
        null
      ]
    },
    "timestamp": 1511895800
  }
}
